java/app/build/intermediates/manifest_merge_blame_file/debug/processDebugMainManifest/manifest-merger-blame-debug-report.txt
1<?xml version="1.0" encoding="utf-8"?>
2<manifest xmlns:android="http://schemas.android.com/apk/res/android"
3    package="com.bless.client"
4    android:versionCode="36"
5    android:versionName="16.21.0" >
6
7    <uses-sdk
8        android:minSdkVersion="24"
9        android:targetSdkVersion="34" />
10
11    <uses-permission android:name="android.permission.REQUEST_INSTALL_PACKAGES" />
11-->src\main\AndroidManifest.xml:4:5-82
11-->src\main\AndroidManifest.xml:4:22-80
12    <uses-permission android:name="com.google.android.gms.permission.AD_ID" />
12-->src\main\AndroidManifest.xml:5:5-78
12-->src\main\AndroidManifest.xml:5:22-76
13
14    <uses-feature
14-->src\main\AndroidManifest.xml:6:5-8:34
15        android:glEsVersion="0x30000"
15-->src\main\AndroidManifest.xml:7:9-38
16        android:required="true" />
16-->src\main\AndroidManifest.xml:8:9-32
17
18    <uses-permission android:name="android.permission.WRITE_EXTERNAL_STORAGE" />
18-->src\main\AndroidManifest.xml:9:5-80
18-->src\main\AndroidManifest.xml:9:22-78
19    <uses-permission android:name="android.permission.READ_EXTERNAL_STORAGE" />
19-->src\main\AndroidManifest.xml:10:5-79
19-->src\main\AndroidManifest.xml:10:22-77
20    <uses-permission android:name="android.permission.RECORD_AUDIO" />
20-->src\main\AndroidManifest.xml:11:5-70
20-->src\main\AndroidManifest.xml:11:22-68
21    <uses-permission android:name="android.permission.USE_BIOMETRIC" />
21-->src\main\AndroidManifest.xml:12:5-71
21-->src\main\AndroidManifest.xml:12:22-69
22    <uses-permission android:name="com.samsung.android.providers.context.permission.WRITE_USE_APP_FEATURE_SURVEY" />
22-->src\main\AndroidManifest.xml:13:5-116
22-->src\main\AndroidManifest.xml:13:22-114
23    <uses-permission android:name="android.permission.WAKE_LOCK" />
23-->src\main\AndroidManifest.xml:14:5-67
23-->src\main\AndroidManifest.xml:14:22-65
24    <uses-permission android:name="android.permission.ACCESS_NETWORK_STATE" />
24-->src\main\AndroidManifest.xml:15:5-78
24-->src\main\AndroidManifest.xml:15:22-76
25    <uses-permission android:name="android.permission.CHANGE_NETWORK_STATE" />
25-->src\main\AndroidManifest.xml:16:5-78
25-->src\main\AndroidManifest.xml:16:22-76
26    <uses-permission android:name="android.permission.ACCESS_WIFI_STATE" />
26-->src\main\AndroidManifest.xml:17:5-75
26-->src\main\AndroidManifest.xml:17:22-73
27    <uses-permission android:name="android.permission.FOREGROUND_SERVICE" />
27-->src\main\AndroidManifest.xml:18:5-76
27-->src\main\AndroidManifest.xml:18:22-74
28    <uses-permission android:name="android.permission.INTERNET" />
28-->src\main\AndroidManifest.xml:19:5-66
28-->src\main\AndroidManifest.xml:19:22-64
29    <uses-permission android:name="android.permission.VIBRATE" />
29-->src\main\AndroidManifest.xml:20:5-65
29-->src\main\AndroidManifest.xml:20:22-63
30    <uses-permission android:name="android.permission.POST_NOTIFICATIONS" />
30-->src\main\AndroidManifest.xml:21:5-76
30-->src\main\AndroidManifest.xml:21:22-74
31    <uses-permission android:name="android.permission.FOREGROUND_SERVICE_DATA_SYNC" />
31-->src\main\AndroidManifest.xml:22:5-86
31-->src\main\AndroidManifest.xml:22:22-84
32    <uses-permission android:name="com.android.vending.BILLING" />
32-->src\main\AndroidManifest.xml:23:5-66
32-->src\main\AndroidManifest.xml:23:22-64
33
34    <queries>
34-->src\main\AndroidManifest.xml:24:5-224:15
35        <package android:name="org.telegram.messenger" />
35-->src\main\AndroidManifest.xml:25:9-57
35-->src\main\AndroidManifest.xml:25:18-55
36
37        <intent>
37-->src\main\AndroidManifest.xml:26:9-28:18
38            <action android:name="ru.vk.store.provider.RemotePayTokenProvider" />
38-->src\main\AndroidManifest.xml:27:13-81
38-->src\main\AndroidManifest.xml:27:21-79
39        </intent>
40
41        <package android:name="ru.sberbankmobile" />
41-->src\main\AndroidManifest.xml:29:9-52
41-->src\main\AndroidManifest.xml:29:18-50
42        <package android:name="ru.sberbankmobile_alpha" />
42-->src\main\AndroidManifest.xml:30:9-58
42-->src\main\AndroidManifest.xml:30:18-56
43        <package android:name="cb.ibank" />
43-->src\main\AndroidManifest.xml:31:9-43
43-->src\main\AndroidManifest.xml:31:18-41
44        <package android:name="cb.ibank.vuz" />
44-->src\main\AndroidManifest.xml:32:9-47
44-->src\main\AndroidManifest.xml:32:18-45
45        <package android:name="com.banksoyuz.artsofte" />
45-->src\main\AndroidManifest.xml:33:9-57
45-->src\main\AndroidManifest.xml:33:18-55
46        <package android:name="com.bifit.atbbank" />
46-->src\main\AndroidManifest.xml:34:9-52
46-->src\main\AndroidManifest.xml:34:18-50
47        <package android:name="com.bifit.dvbank" />
47-->src\main\AndroidManifest.xml:35:9-51
47-->src\main\AndroidManifest.xml:35:18-49
48        <package android:name="com.bifit.mobile.citizen.MCBank" />
48-->src\main\AndroidManifest.xml:36:9-66
48-->src\main\AndroidManifest.xml:36:18-64
49        <package android:name="com.bifit.mobile.citizen.belsocbank" />
49-->src\main\AndroidManifest.xml:37:9-70
49-->src\main\AndroidManifest.xml:37:18-68
50        <package android:name="com.bifit.mobile.citizen.cfb" />
50-->src\main\AndroidManifest.xml:38:9-63
50-->src\main\AndroidManifest.xml:38:18-61
51        <package android:name="com.bifit.mobile.citizen.efbank" />
51-->src\main\AndroidManifest.xml:39:9-66
51-->src\main\AndroidManifest.xml:39:18-64
52        <package android:name="com.bifit.mobile.citizen.icbru" />
52-->src\main\AndroidManifest.xml:40:9-65
52-->src\main\AndroidManifest.xml:40:18-63
53        <package android:name="com.bifit.mobile.citizen.invb" />
53-->src\main\AndroidManifest.xml:41:9-64
53-->src\main\AndroidManifest.xml:41:18-62
54        <package android:name="com.bifit.mobile.citizen.kbnk" />
54-->src\main\AndroidManifest.xml:42:9-64
54-->src\main\AndroidManifest.xml:42:18-62
55        <package android:name="com.bifit.mobile.citizen.mbb" />
55-->src\main\AndroidManifest.xml:43:9-63
55-->src\main\AndroidManifest.xml:43:18-61
56        <package android:name="com.bifit.mobile.citizen.moskb" />
56-->src\main\AndroidManifest.xml:44:9-65
56-->src\main\AndroidManifest.xml:44:18-63
57        <package android:name="com.bifit.mobile.citizen.nkbank" />
57-->src\main\AndroidManifest.xml:45:9-66
57-->src\main\AndroidManifest.xml:45:18-64
58        <package android:name="com.bifit.mobile.citizen.okbank" />
58-->src\main\AndroidManifest.xml:46:9-66
58-->src\main\AndroidManifest.xml:46:18-64
59        <package android:name="com.bifit.mobile.citizen.tenderbank" />
59-->src\main\AndroidManifest.xml:47:9-70
59-->src\main\AndroidManifest.xml:47:18-68
60        <package android:name="com.bifit.mobile.citizen.thbank" />
60-->src\main\AndroidManifest.xml:48:9-66
60-->src\main\AndroidManifest.xml:48:18-64
61        <package android:name="com.bifit.mobile.citizen.zarech" />
61-->src\main\AndroidManifest.xml:49:9-66
61-->src\main\AndroidManifest.xml:49:18-64
62        <package android:name="com.bifit.mobile.private.bbr" />
62-->src\main\AndroidManifest.xml:50:9-63
62-->src\main\AndroidManifest.xml:50:18-61
63        <package android:name="com.bifit.nrb" />
63-->src\main\AndroidManifest.xml:51:9-48
63-->src\main\AndroidManifest.xml:51:18-46
64        <package android:name="com.bifit.pmobile.isbank" />
64-->src\main\AndroidManifest.xml:52:9-59
64-->src\main\AndroidManifest.xml:52:18-57
65        <package android:name="com.bifit.rncbbeta" />
65-->src\main\AndroidManifest.xml:53:9-53
65-->src\main\AndroidManifest.xml:53:18-51
66        <package android:name="com.bifit.vfbank" />
66-->src\main\AndroidManifest.xml:54:9-51
66-->src\main\AndroidManifest.xml:54:18-49
67        <package android:name="com.bpc.crossplatform_trading.bpc_trading" />
67-->src\main\AndroidManifest.xml:55:9-76
67-->src\main\AndroidManifest.xml:55:18-74
68        <package android:name="com.bssys.aversretail" />
68-->src\main\AndroidManifest.xml:56:9-56
68-->src\main\AndroidManifest.xml:56:18-54
69        <package android:name="com.bssys.gutaretail" />
69-->src\main\AndroidManifest.xml:57:9-55
69-->src\main\AndroidManifest.xml:57:18-53
70        <package android:name="com.bssys.novikomretail" />
70-->src\main\AndroidManifest.xml:58:9-58
70-->src\main\AndroidManifest.xml:58:18-56
71        <package android:name="com.bssys.roscapretail" />
71-->src\main\AndroidManifest.xml:59:9-57
71-->src\main\AndroidManifest.xml:59:18-55
72        <package android:name="com.bssys.stroylesretail" />
72-->src\main\AndroidManifest.xml:60:9-59
72-->src\main\AndroidManifest.xml:60:18-57
73        <package android:name="com.bssys.uralfdretail" />
73-->src\main\AndroidManifest.xml:61:9-57
73-->src\main\AndroidManifest.xml:61:18-55
74        <package android:name="com.bssys.vbrrretail" />
74-->src\main\AndroidManifest.xml:62:9-55
74-->src\main\AndroidManifest.xml:62:18-53
75        <package android:name="com.cetelem.cetelem_android" />
75-->src\main\AndroidManifest.xml:63:9-62
75-->src\main\AndroidManifest.xml:63:18-60
76        <package android:name="com.citibank.mobile.ru" />
76-->src\main\AndroidManifest.xml:64:9-57
76-->src\main\AndroidManifest.xml:64:18-55
77        <package android:name="com.compassplus.mobicash.customer" />
77-->src\main\AndroidManifest.xml:65:9-68
77-->src\main\AndroidManifest.xml:65:18-66
78        <package android:name="com.credituralbank.CUBmobilenew" />
78-->src\main\AndroidManifest.xml:66:9-66
78-->src\main\AndroidManifest.xml:66:18-64
79        <package android:name="com.energobank.digital" />
79-->src\main\AndroidManifest.xml:67:9-57
79-->src\main\AndroidManifest.xml:67:18-55
80        <package android:name="com.finservice.mobile" />
80-->src\main\AndroidManifest.xml:68:9-56
80-->src\main\AndroidManifest.xml:68:18-54
81        <package android:name="com.hicebank.android" />
81-->src\main\AndroidManifest.xml:69:9-55
81-->src\main\AndroidManifest.xml:69:18-53
82        <package android:name="com.idamob.tinkoff.android" />
82-->src\main\AndroidManifest.xml:70:9-61
82-->src\main\AndroidManifest.xml:70:18-59
83        <package android:name="com.idamobile.android.LockoBank" />
83-->src\main\AndroidManifest.xml:71:9-66
83-->src\main\AndroidManifest.xml:71:18-64
84        <package android:name="com.inbank.mobilebank" />
84-->src\main\AndroidManifest.xml:72:9-56
84-->src\main\AndroidManifest.xml:72:18-54
85        <package android:name="com.intervale.sbp.atlas" />
85-->src\main\AndroidManifest.xml:73:9-58
85-->src\main\AndroidManifest.xml:73:18-56
86        <package android:name="com.isimplelab.ibank.chelind" />
86-->src\main\AndroidManifest.xml:74:9-63
86-->src\main\AndroidManifest.xml:74:18-61
87        <package android:name="com.isimplelab.ibank.kubankredit" />
87-->src\main\AndroidManifest.xml:75:9-67
87-->src\main\AndroidManifest.xml:75:18-65
88        <package android:name="com.isimplelab.ibank.solidarnost" />
88-->src\main\AndroidManifest.xml:76:9-67
88-->src\main\AndroidManifest.xml:76:18-65
89        <package android:name="com.isimplelab.ibank.toyota" />
89-->src\main\AndroidManifest.xml:77:9-62
89-->src\main\AndroidManifest.xml:77:18-60
90        <package android:name="com.isimplelab.ionic.gorbank.prod" />
90-->src\main\AndroidManifest.xml:78:9-68
90-->src\main\AndroidManifest.xml:78:18-66
91        <package android:name="com.isimplelab.ionic.kazan.fl" />
91-->src\main\AndroidManifest.xml:79:9-64
91-->src\main\AndroidManifest.xml:79:18-62
92        <package android:name="com.isimplelab.ionic.round.prod" />
92-->src\main\AndroidManifest.xml:80:9-66
92-->src\main\AndroidManifest.xml:80:18-64
93        <package android:name="com.isimplelab.ionic.slavia.prod" />
93-->src\main\AndroidManifest.xml:81:9-67
93-->src\main\AndroidManifest.xml:81:18-65
94        <package android:name="com.isimplelab.ionic.standart" />
94-->src\main\AndroidManifest.xml:82:9-64
94-->src\main\AndroidManifest.xml:82:18-62
95        <package android:name="com.isimplelab.isimpleceo.uglemet" />
95-->src\main\AndroidManifest.xml:83:9-68
95-->src\main\AndroidManifest.xml:83:18-66
96        <package android:name="com.isimplelab.isimplemobile.payjet" />
96-->src\main\AndroidManifest.xml:84:9-70
96-->src\main\AndroidManifest.xml:84:18-68
97        <package android:name="com.ltech.unistream" />
97-->src\main\AndroidManifest.xml:85:9-54
97-->src\main\AndroidManifest.xml:85:18-52
98        <package android:name="com.metkombank.mobile" />
98-->src\main\AndroidManifest.xml:86:9-56
98-->src\main\AndroidManifest.xml:86:18-54
99        <package android:name="com.mifors.izhcombank" />
99-->src\main\AndroidManifest.xml:87:9-56
99-->src\main\AndroidManifest.xml:87:18-54
100        <package android:name="com.mmonline.mobile" />
100-->src\main\AndroidManifest.xml:88:9-54
100-->src\main\AndroidManifest.xml:88:18-52
101        <package android:name="com.mob.android" />
101-->src\main\AndroidManifest.xml:89:9-50
101-->src\main\AndroidManifest.xml:89:18-48
102        <package android:name="com.openbank" />
102-->src\main\AndroidManifest.xml:90:9-47
102-->src\main\AndroidManifest.xml:90:18-45
103        <package android:name="com.openwaygroup.ic.panda.poidem" />
103-->src\main\AndroidManifest.xml:91:9-67
103-->src\main\AndroidManifest.xml:91:18-65
104        <package android:name="com.priobank.prio" />
104-->src\main\AndroidManifest.xml:92:9-52
104-->src\main\AndroidManifest.xml:92:18-50
105        <package android:name="com.smp.android" />
105-->src\main\AndroidManifest.xml:93:9-50
105-->src\main\AndroidManifest.xml:93:18-48
106        <package android:name="com.snb.online" />
106-->src\main\AndroidManifest.xml:94:9-49
106-->src\main\AndroidManifest.xml:94:18-47
107        <package android:name="com.tatsotsbank.dbomobile" />
107-->src\main\AndroidManifest.xml:95:9-60
107-->src\main\AndroidManifest.xml:95:18-58
108        <package android:name="com.timerbank.retail" />
108-->src\main\AndroidManifest.xml:96:9-55
108-->src\main\AndroidManifest.xml:96:18-53
109        <package android:name="com.tochka.bank" />
109-->src\main\AndroidManifest.xml:97:9-50
109-->src\main\AndroidManifest.xml:97:18-48
110        <package android:name="com.yandex.bank" />
110-->src\main\AndroidManifest.xml:98:9-50
110-->src\main\AndroidManifest.xml:98:18-48
111        <package android:name="cz.bsc.rc" />
111-->src\main\AndroidManifest.xml:99:9-44
111-->src\main\AndroidManifest.xml:99:18-42
112        <package android:name="logo.com.mbanking" />
112-->src\main\AndroidManifest.xml:100:9-52
112-->src\main\AndroidManifest.xml:100:18-50
113        <package android:name="ru.akbars.mobile" />
113-->src\main\AndroidManifest.xml:101:9-51
113-->src\main\AndroidManifest.xml:101:18-49
114        <package android:name="ru.albank.online.aebit" />
114-->src\main\AndroidManifest.xml:102:9-57
114-->src\main\AndroidManifest.xml:102:18-55
115        <package android:name="ru.alfabank.mobile.android" />
115-->src\main\AndroidManifest.xml:103:9-61
115-->src\main\AndroidManifest.xml:103:18-59
116        <package android:name="ru.artsofte.russiafl" />
116-->src\main\AndroidManifest.xml:104:9-55
116-->src\main\AndroidManifest.xml:104:18-53
117        <package android:name="ru.avangard.sbp_client" />
117-->src\main\AndroidManifest.xml:105:9-57
117-->src\main\AndroidManifest.xml:105:18-55
118        <package android:name="ru.bank_hlynov.xbank" />
118-->src\main\AndroidManifest.xml:106:9-55
118-->src\main\AndroidManifest.xml:106:18-53
119        <package android:name="ru.bankuralsib.mb.android" />
119-->src\main\AndroidManifest.xml:107:9-60
119-->src\main\AndroidManifest.xml:107:18-58
120        <package android:name="ru.bcs.bcsbank" />
120-->src\main\AndroidManifest.xml:108:9-49
120-->src\main\AndroidManifest.xml:108:18-47
121        <package android:name="ru.briginvest.sense" />
121-->src\main\AndroidManifest.xml:109:9-54
121-->src\main\AndroidManifest.xml:109:18-52
122        <package android:name="ru.bspb" />
122-->src\main\AndroidManifest.xml:110:9-42
122-->src\main\AndroidManifest.xml:110:18-40
123        <package android:name="ru.centrinvest.mobilebanking2018" />
123-->src\main\AndroidManifest.xml:111:9-67
123-->src\main\AndroidManifest.xml:111:18-65
124        <package android:name="ru.chelyabinvestbank.investpay" />
124-->src\main\AndroidManifest.xml:112:9-65
124-->src\main\AndroidManifest.xml:112:18-63
125        <package android:name="ru.elplat.elplat2" />
125-->src\main\AndroidManifest.xml:113:9-52
125-->src\main\AndroidManifest.xml:113:18-50
126        <package android:name="ru.emb.android" />
126-->src\main\AndroidManifest.xml:114:9-49
126-->src\main\AndroidManifest.xml:114:18-47
127        <package android:name="ru.faktura.avtograd.person" />
127-->src\main\AndroidManifest.xml:115:9-61
127-->src\main\AndroidManifest.xml:115:18-59
128        <package android:name="ru.finambank.app" />
128-->src\main\AndroidManifest.xml:116:9-51
128-->src\main\AndroidManifest.xml:116:18-49
129        <package android:name="ru.ftc.faktura.absolutbank" />
129-->src\main\AndroidManifest.xml:117:9-61
129-->src\main\AndroidManifest.xml:117:18-59
130        <package android:name="ru.ftc.faktura.agropromkredit" />
130-->src\main\AndroidManifest.xml:118:9-64
130-->src\main\AndroidManifest.xml:118:18-62
131        <package android:name="ru.ftc.faktura.agroros" />
131-->src\main\AndroidManifest.xml:119:9-57
131-->src\main\AndroidManifest.xml:119:18-55
132        <package android:name="ru.ftc.faktura.akcept" />
132-->src\main\AndroidManifest.xml:120:9-56
132-->src\main\AndroidManifest.xml:120:18-54
133        <package android:name="ru.ftc.faktura.akibank" />
133-->src\main\AndroidManifest.xml:121:9-57
133-->src\main\AndroidManifest.xml:121:18-55
134        <package android:name="ru.ftc.faktura.alefbank" />
134-->src\main\AndroidManifest.xml:122:9-58
134-->src\main\AndroidManifest.xml:122:18-56
135        <package android:name="ru.ftc.faktura.alexbank" />
135-->src\main\AndroidManifest.xml:123:9-58
135-->src\main\AndroidManifest.xml:123:18-56
136        <package android:name="ru.ftc.faktura.baikalinvestbank" />
136-->src\main\AndroidManifest.xml:124:9-66
136-->src\main\AndroidManifest.xml:124:18-64
137        <package android:name="ru.ftc.faktura.banksaratov" />
137-->src\main\AndroidManifest.xml:125:9-61
137-->src\main\AndroidManifest.xml:125:18-59
138        <package android:name="ru.ftc.faktura.bgfbank" />
138-->src\main\AndroidManifest.xml:126:9-57
138-->src\main\AndroidManifest.xml:126:18-55
139        <package android:name="ru.ftc.faktura.derzhava" />
139-->src\main\AndroidManifest.xml:127:9-58
139-->src\main\AndroidManifest.xml:127:18-56
140        <package android:name="ru.ftc.faktura.dolinsk" />
140-->src\main\AndroidManifest.xml:128:9-57
140-->src\main\AndroidManifest.xml:128:18-55
141        <package android:name="ru.ftc.faktura.etbank" />
141-->src\main\AndroidManifest.xml:129:9-56
141-->src\main\AndroidManifest.xml:129:18-54
142        <package android:name="ru.ftc.faktura.expobank" />
142-->src\main\AndroidManifest.xml:130:9-58
142-->src\main\AndroidManifest.xml:130:18-56
143        <package android:name="ru.ftc.faktura.finbank" />
143-->src\main\AndroidManifest.xml:131:9-57
143-->src\main\AndroidManifest.xml:131:18-55
144        <package android:name="ru.ftc.faktura.forshtadt" />
144-->src\main\AndroidManifest.xml:132:9-59
144-->src\main\AndroidManifest.xml:132:18-57
145        <package android:name="ru.ftc.faktura.gaztransbank" />
145-->src\main\AndroidManifest.xml:133:9-62
145-->src\main\AndroidManifest.xml:133:18-60
146        <package android:name="ru.ftc.faktura.intesabank" />
146-->src\main\AndroidManifest.xml:134:9-60
146-->src\main\AndroidManifest.xml:134:18-58
147        <package android:name="ru.ftc.faktura.iturup" />
147-->src\main\AndroidManifest.xml:135:9-56
147-->src\main\AndroidManifest.xml:135:18-54
148        <package android:name="ru.ftc.faktura.jtbank" />
148-->src\main\AndroidManifest.xml:136:9-56
148-->src\main\AndroidManifest.xml:136:18-54
149        <package android:name="ru.ftc.faktura.kbb" />
149-->src\main\AndroidManifest.xml:137:9-53
149-->src\main\AndroidManifest.xml:137:18-51
150        <package android:name="ru.ftc.faktura.kbhmb" />
150-->src\main\AndroidManifest.xml:138:9-55
150-->src\main\AndroidManifest.xml:138:18-53
151        <package android:name="ru.ftc.faktura.kremlevskiy" />
151-->src\main\AndroidManifest.xml:139:9-61
151-->src\main\AndroidManifest.xml:139:18-59
152        <package android:name="ru.ftc.faktura.lanta" />
152-->src\main\AndroidManifest.xml:140:9-55
152-->src\main\AndroidManifest.xml:140:18-53
153        <package android:name="ru.ftc.faktura.maritimebank" />
153-->src\main\AndroidManifest.xml:141:9-62
153-->src\main\AndroidManifest.xml:141:18-60
154        <package android:name="ru.ftc.faktura.mfkbank" />
154-->src\main\AndroidManifest.xml:142:9-57
154-->src\main\AndroidManifest.xml:142:18-55
155        <package android:name="ru.ftc.faktura.moscombank" />
155-->src\main\AndroidManifest.xml:143:9-60
155-->src\main\AndroidManifest.xml:143:18-58
156        <package android:name="ru.ftc.faktura.multibank" />
156-->src\main\AndroidManifest.xml:144:9-59
156-->src\main\AndroidManifest.xml:144:18-57
157        <package android:name="ru.ftc.faktura.nipbank" />
157-->src\main\AndroidManifest.xml:145:9-57
157-->src\main\AndroidManifest.xml:145:18-55
158        <package android:name="ru.ftc.faktura.nokss" />
158-->src\main\AndroidManifest.xml:146:9-55
158-->src\main\AndroidManifest.xml:146:18-53
159        <package android:name="ru.ftc.faktura.novobank" />
159-->src\main\AndroidManifest.xml:147:9-58
159-->src\main\AndroidManifest.xml:147:18-56
160        <package android:name="ru.ftc.faktura.ns" />
160-->src\main\AndroidManifest.xml:148:9-52
160-->src\main\AndroidManifest.xml:148:18-50
161        <package android:name="ru.ftc.faktura.nsbank" />
161-->src\main\AndroidManifest.xml:149:9-56
161-->src\main\AndroidManifest.xml:149:18-54
162        <package android:name="ru.ftc.faktura.nskbl" />
162-->src\main\AndroidManifest.xml:150:9-55
162-->src\main\AndroidManifest.xml:150:18-53
163        <package android:name="ru.ftc.faktura.orbank" />
163-->src\main\AndroidManifest.xml:151:9-56
163-->src\main\AndroidManifest.xml:151:18-54
164        <package android:name="ru.ftc.faktura.primsoc" />
164-->src\main\AndroidManifest.xml:152:9-57
164-->src\main\AndroidManifest.xml:152:18-55
165        <package android:name="ru.ftc.faktura.pskb" />
165-->src\main\AndroidManifest.xml:153:9-54
165-->src\main\AndroidManifest.xml:153:18-52
166        <package android:name="ru.ftc.faktura.razvitiestolica" />
166-->src\main\AndroidManifest.xml:154:9-65
166-->src\main\AndroidManifest.xml:154:18-63
167        <package android:name="ru.ftc.faktura.resokreditbank" />
167-->src\main\AndroidManifest.xml:155:9-64
167-->src\main\AndroidManifest.xml:155:18-62
168        <package android:name="ru.ftc.faktura.rostfinance" />
168-->src\main\AndroidManifest.xml:156:9-61
168-->src\main\AndroidManifest.xml:156:18-59
169        <package android:name="ru.ftc.faktura.sdm" />
169-->src\main\AndroidManifest.xml:157:9-53
169-->src\main\AndroidManifest.xml:157:18-51
170        <package android:name="ru.ftc.faktura.siab" />
170-->src\main\AndroidManifest.xml:158:9-54
170-->src\main\AndroidManifest.xml:158:18-52
171        <package android:name="ru.ftc.faktura.solidbank" />
171-->src\main\AndroidManifest.xml:159:9-59
171-->src\main\AndroidManifest.xml:159:18-57
172        <package android:name="ru.ftc.faktura.tavrich" />
172-->src\main\AndroidManifest.xml:160:9-57
172-->src\main\AndroidManifest.xml:160:18-55
173        <package android:name="ru.ftc.faktura.tkbbank" />
173-->src\main\AndroidManifest.xml:161:9-57
173-->src\main\AndroidManifest.xml:161:18-55
174        <package android:name="ru.ftc.faktura.united" />
174-->src\main\AndroidManifest.xml:162:9-56
174-->src\main\AndroidManifest.xml:162:18-54
175        <package android:name="ru.ftc.faktura.venetsbank" />
175-->src\main\AndroidManifest.xml:163:9-60
175-->src\main\AndroidManifest.xml:163:18-58
176        <package android:name="ru.ftc.faktura.vesta" />
176-->src\main\AndroidManifest.xml:164:9-55
176-->src\main\AndroidManifest.xml:164:18-53
177        <package android:name="ru.ftc.faktura.vlbb" />
177-->src\main\AndroidManifest.xml:165:9-54
177-->src\main\AndroidManifest.xml:165:18-52
178        <package android:name="ru.ftc.faktura.zemskybank" />
178-->src\main\AndroidManifest.xml:166:9-60
178-->src\main\AndroidManifest.xml:166:18-58
179        <package android:name="ru.gazprombank.android.mobilebank.app" />
179-->src\main\AndroidManifest.xml:167:9-72
179-->src\main\AndroidManifest.xml:167:18-70
180        <package android:name="ru.gebank.ib" />
180-->src\main\AndroidManifest.xml:168:9-47
180-->src\main\AndroidManifest.xml:168:18-45
181        <package android:name="ru.homecredit.mycredit" />
181-->src\main\AndroidManifest.xml:169:9-57
181-->src\main\AndroidManifest.xml:169:18-55
182        <package android:name="ru.ibam.retailmobile" />
182-->src\main\AndroidManifest.xml:170:9-55
182-->src\main\AndroidManifest.xml:170:18-53
183        <package android:name="ru.ilb.bbmobile" />
183-->src\main\AndroidManifest.xml:171:9-50
183-->src\main\AndroidManifest.xml:171:18-48
184        <package android:name="ru.ipb.ubsmobile" />
184-->src\main\AndroidManifest.xml:172:9-51
184-->src\main\AndroidManifest.xml:172:18-49
185        <package android:name="ru.isfront.android.kt" />
185-->src\main\AndroidManifest.xml:173:9-56
185-->src\main\AndroidManifest.xml:173:18-54
186        <package android:name="ru.krk.ubsmobile" />
186-->src\main\AndroidManifest.xml:174:9-51
186-->src\main\AndroidManifest.xml:174:18-49
187        <package android:name="ru.letobank.Prometheus" />
187-->src\main\AndroidManifest.xml:175:9-57
187-->src\main\AndroidManifest.xml:175:18-55
188        <package android:name="ru.mcbankrus.MCBankRus" />
188-->src\main\AndroidManifest.xml:176:9-57
188-->src\main\AndroidManifest.xml:176:18-55
189        <package android:name="ru.mkb.mobile" />
189-->src\main\AndroidManifest.xml:177:9-48
189-->src\main\AndroidManifest.xml:177:18-46
190        <package android:name="ru.mts.money" />
190-->src\main\AndroidManifest.xml:178:9-47
190-->src\main\AndroidManifest.xml:178:18-45
191        <package android:name="ru.mw" />
191-->src\main\AndroidManifest.xml:179:9-40
191-->src\main\AndroidManifest.xml:179:18-38
192        <package android:name="ru.nbd.android" />
192-->src\main\AndroidManifest.xml:180:9-49
192-->src\main\AndroidManifest.xml:180:18-47
193        <package android:name="ru.otpbank.mobile" />
193-->src\main\AndroidManifest.xml:181:9-52
193-->src\main\AndroidManifest.xml:181:18-50
194        <package android:name="ru.raiffeisennews" />
194-->src\main\AndroidManifest.xml:182:9-52
194-->src\main\AndroidManifest.xml:182:18-50
195        <package android:name="ru.rosbank.android" />
195-->src\main\AndroidManifest.xml:183:9-53
195-->src\main\AndroidManifest.xml:183:18-51
196        <package android:name="ru.rosdorbank.physical" />
196-->src\main\AndroidManifest.xml:184:9-57
196-->src\main\AndroidManifest.xml:184:18-55
197        <package android:name="ru.rshb.dbo" />
197-->src\main\AndroidManifest.xml:185:9-46
197-->src\main\AndroidManifest.xml:185:18-44
198        <package android:name="ru.rubank.ubsmobile" />
198-->src\main\AndroidManifest.xml:186:9-54
198-->src\main\AndroidManifest.xml:186:18-52
199        <package android:name="ru.rusnarbank.correqts.retail" />
199-->src\main\AndroidManifest.xml:187:9-64
199-->src\main\AndroidManifest.xml:187:18-62
200        <package android:name="ru.sbi.android" />
200-->src\main\AndroidManifest.xml:188:9-49
200-->src\main\AndroidManifest.xml:188:18-47
201        <package android:name="ru.simpls.brs2.mobbank" />
201-->src\main\AndroidManifest.xml:189:9-57
201-->src\main\AndroidManifest.xml:189:18-55
202        <package android:name="ru.skbbank.ib" />
202-->src\main\AndroidManifest.xml:190:9-48
202-->src\main\AndroidManifest.xml:190:18-46
203        <package android:name="ru.sngb.dbo.client.android" />
203-->src\main\AndroidManifest.xml:191:9-61
203-->src\main\AndroidManifest.xml:191:18-59
204        <package android:name="ru.sovcomcard.halva.v1" />
204-->src\main\AndroidManifest.xml:192:9-57
204-->src\main\AndroidManifest.xml:192:18-55
205        <package android:name="ru.unicredit.android" />
205-->src\main\AndroidManifest.xml:193:9-55
205-->src\main\AndroidManifest.xml:193:18-53
206        <package android:name="ru.uralprombank.mobilebanknew.googleplay" />
206-->src\main\AndroidManifest.xml:194:9-75
206-->src\main\AndroidManifest.xml:194:18-73
207        <package android:name="ru.vtb24.mobilebanking.android" />
207-->src\main\AndroidManifest.xml:195:9-65
207-->src\main\AndroidManifest.xml:195:18-63
208        <package android:name="ru.vtkbank.android" />
208-->src\main\AndroidManifest.xml:196:9-53
208-->src\main\AndroidManifest.xml:196:18-51
209        <package android:name="ru.yoo.money" />
209-->src\main\AndroidManifest.xml:197:9-47
209-->src\main\AndroidManifest.xml:197:18-45
210        <package android:name="ru.zenit.android" />
210-->src\main\AndroidManifest.xml:198:9-51
210-->src\main\AndroidManifest.xml:198:18-49
211
212        <intent>
212-->src\main\AndroidManifest.xml:199:9-201:18
213            <action android:name="com.android.vending.billing.InAppBillingService.BIND" />
213-->src\main\AndroidManifest.xml:200:13-90
213-->src\main\AndroidManifest.xml:200:21-88
214        </intent>
215        <intent>
215-->src\main\AndroidManifest.xml:202:9-204:18
216            <action android:name="ru.vk.store.provider.appupdate.RemoteAppUpdateFlowProvider" />
216-->src\main\AndroidManifest.xml:203:13-96
216-->src\main\AndroidManifest.xml:203:21-94
217        </intent>
218        <intent>
218-->src\main\AndroidManifest.xml:205:9-207:18
219            <action android:name="ru.vk.store.provider.review.RemoteReviewFlowProvider" />
219-->src\main\AndroidManifest.xml:206:13-90
219-->src\main\AndroidManifest.xml:206:21-88
220        </intent>
221        <intent>
221-->src\main\AndroidManifest.xml:208:9-210:18